<?xml version="1.0" encoding="UTF-8"?>
<TestRun id="65ac41ef-8be2-4fc3-b61b-25012ad533f7" name="Administrador@LETICIA-XP 2010-08-17 17:42:26" runUser="LETICIA-XP\Administrador" xmlns="http://microsoft.com/schemas/VisualStudio/TeamTest/2010">
  <TestSettings name="Local" id="a8b89724-51de-4715-ad33-a32984976e61">
    <Description>These are default test settings for a local test run.</Description>
    <Deployment enabled="false" runDeploymentRoot="Administrador_LETICIA-XP 2010-08-17 17_42_26">
      <DeploymentItem filename="C:\Projetos\projeto-estudo\Business\bin\Debug\Business.dll" />
      <DeploymentItem filename="C:\Projetos\moq\NET40\Moq.dll" />
      <DeploymentItem filename="C:\Projetos\projeto-estudo\DAL\bin\Debug\DAL.dll" />
      <DeploymentItem filename="C:\Projetos\projeto-estudo\Models\bin\Debug\Models.dll" />
    </Deployment>
    <Execution>
      <TestTypeSpecific />
      <AgentRule name="Execution Agents">
      </AgentRule>
    </Execution>
  </TestSettings>
  <Times creation="2010-08-17T17:42:26.0264215-03:00" queuing="2010-08-17T17:42:29.6516343-03:00" start="2010-08-17T17:42:30.1823975-03:00" finish="2010-08-17T17:42:34.7689927-03:00" />
  <ResultSummary outcome="Completed">
    <Counters total="1" executed="1" passed="1" error="0" failed="0" timeout="0" aborted="0" inconclusive="0" passedButRunAborted="0" notRunnable="0" notExecuted="0" disconnected="0" warning="0" completed="0" inProgress="0" pending="0" />
  </ResultSummary>
  <TestDefinitions>
    <UnitTest name="Verificar_Atualizacao" storage="c:\projetos\projeto-estudo\tests\bin\debug\tests.dll" id="5a9e0769-3ab7-7cd3-26ed-9fea9889583c">
      <Execution id="759d355c-6feb-4ee4-9d51-c03b867f3483" />
      <TestMethod codeBase="C:/Projetos/projeto-estudo/Tests/bin/Debug/Tests.DLL" adapterTypeName="Microsoft.VisualStudio.TestTools.TestTypes.Unit.UnitTestAdapter, Microsoft.VisualStudio.QualityTools.Tips.UnitTest.Adapter, Version=10.0.0.0, Culture=neutral, PublicKeyToken=b03f5f7f11d50a3a" className="Tests.Artista, Tests, Version=1.0.0.0, Culture=neutral, PublicKeyToken=null" name="Verificar_Atualizacao" />
    </UnitTest>
  </TestDefinitions>
  <TestLists>
    <TestList name="Results Not in a List" id="8c84fa94-04c1-424b-9868-57a2d4851a1d" />
    <TestList name="All Loaded Results" id="19431567-8539-422a-85d7-44ee4e166bda" />
  </TestLists>
  <TestEntries>
    <TestEntry testId="5a9e0769-3ab7-7cd3-26ed-9fea9889583c" executionId="759d355c-6feb-4ee4-9d51-c03b867f3483" testListId="8c84fa94-04c1-424b-9868-57a2d4851a1d" />
  </TestEntries>
  <Results>
    <UnitTestResult executionId="759d355c-6feb-4ee4-9d51-c03b867f3483" testId="5a9e0769-3ab7-7cd3-26ed-9fea9889583c" testName="Verificar_Atualizacao" computerName="LETICIA-XP" duration="00:00:00.8340048" startTime="2010-08-17T17:42:30.7331895-03:00" endTime="2010-08-17T17:42:33.8276391-03:00" testType="13cdc9d9-ddb5-4fa4-a97d-d965ccfc6d4b" outcome="Passed" testListId="8c84fa94-04c1-424b-9868-57a2d4851a1d" relativeResultsDirectory="759d355c-6feb-4ee4-9d51-c03b867f3483">
    </UnitTestResult>
  </Results>
</TestRun>