<?xml version="1.0" encoding="UTF-8"?>
<TestRun id="ddad011a-336d-430b-af83-9d99b7029730" name="Administrador@LETICIA-XP 2010-07-21 00:49:30" runUser="LETICIA-XP\Administrador" xmlns="http://microsoft.com/schemas/VisualStudio/TeamTest/2010">
  <TestSettings name="Local" id="a8b89724-51de-4715-ad33-a32984976e61">
    <Description>These are default test settings for a local test run.</Description>
    <Deployment enabled="false" runDeploymentRoot="Administrador_LETICIA-XP 2010-07-21 00_49_30">
      <DeploymentItem filename="C:\Projetos\projeto-estudo\Models\bin\Debug\Models.dll" />
      <DeploymentItem filename="C:\Projetos\moq\NET40\Moq.dll" />
    </Deployment>
    <Execution>
      <TestTypeSpecific />
      <AgentRule name="Execution Agents">
      </AgentRule>
    </Execution>
  </TestSettings>
  <Times creation="2010-07-21T00:49:30.6077225-03:00" queuing="2010-07-21T00:49:34.2229209-03:00" start="2010-07-21T00:49:34.6335113-03:00" finish="2010-07-21T00:49:38.7394153-03:00" />
  <ResultSummary outcome="Completed">
    <Counters total="2" executed="2" passed="2" error="0" failed="0" timeout="0" aborted="0" inconclusive="0" passedButRunAborted="0" notRunnable="0" notExecuted="0" disconnected="0" warning="0" completed="0" inProgress="0" pending="0" />
  </ResultSummary>
  <TestDefinitions>
    <UnitTest name="Inicializa_Album_Com_Artista" storage="c:\projetos\projeto-estudo\tests\bin\debug\tests.dll" id="21aa45b1-1c39-6680-d0d3-b2a9bdf7c476">
      <Execution id="ebe72e97-4387-4792-a83f-42545ccd0392" />
      <TestMethod codeBase="C:/Projetos/projeto-estudo/Tests/bin/Debug/Tests.DLL" adapterTypeName="Microsoft.VisualStudio.TestTools.TestTypes.Unit.UnitTestAdapter, Microsoft.VisualStudio.QualityTools.Tips.UnitTest.Adapter, Version=10.0.0.0, Culture=neutral, PublicKeyToken=b03f5f7f11d50a3a" className="Tests.Inicializacoes, Tests, Version=1.0.0.0, Culture=neutral, PublicKeyToken=null" name="Inicializa_Album_Com_Artista" />
    </UnitTest>
    <UnitTest name="Inicializa_Musica_Com_Album_E_Artista" storage="c:\projetos\projeto-estudo\tests\bin\debug\tests.dll" id="4f36fa0e-5a1b-6a96-d597-cae1dd65e047">
      <Execution id="74124058-404e-45c9-9b49-db0f45a713b3" />
      <TestMethod codeBase="C:/Projetos/projeto-estudo/Tests/bin/Debug/Tests.DLL" adapterTypeName="Microsoft.VisualStudio.TestTools.TestTypes.Unit.UnitTestAdapter, Microsoft.VisualStudio.QualityTools.Tips.UnitTest.Adapter, Version=10.0.0.0, Culture=neutral, PublicKeyToken=b03f5f7f11d50a3a" className="Tests.Inicializacoes, Tests, Version=1.0.0.0, Culture=neutral, PublicKeyToken=null" name="Inicializa_Musica_Com_Album_E_Artista" />
    </UnitTest>
  </TestDefinitions>
  <TestLists>
    <TestList name="Results Not in a List" id="8c84fa94-04c1-424b-9868-57a2d4851a1d" />
    <TestList name="All Loaded Results" id="19431567-8539-422a-85d7-44ee4e166bda" />
  </TestLists>
  <TestEntries>
    <TestEntry testId="21aa45b1-1c39-6680-d0d3-b2a9bdf7c476" executionId="ebe72e97-4387-4792-a83f-42545ccd0392" testListId="8c84fa94-04c1-424b-9868-57a2d4851a1d" />
    <TestEntry testId="4f36fa0e-5a1b-6a96-d597-cae1dd65e047" executionId="74124058-404e-45c9-9b49-db0f45a713b3" testListId="8c84fa94-04c1-424b-9868-57a2d4851a1d" />
  </TestEntries>
  <Results>
    <UnitTestResult executionId="ebe72e97-4387-4792-a83f-42545ccd0392" testId="21aa45b1-1c39-6680-d0d3-b2a9bdf7c476" testName="Inicializa_Album_Com_Artista" computerName="LETICIA-XP" duration="00:00:00.1484275" startTime="2010-07-21T00:49:35.0541161-03:00" endTime="2010-07-21T00:49:37.6077881-03:00" testType="13cdc9d9-ddb5-4fa4-a97d-d965ccfc6d4b" outcome="Passed" testListId="8c84fa94-04c1-424b-9868-57a2d4851a1d" relativeResultsDirectory="ebe72e97-4387-4792-a83f-42545ccd0392">
    </UnitTestResult>
    <UnitTestResult executionId="74124058-404e-45c9-9b49-db0f45a713b3" testId="4f36fa0e-5a1b-6a96-d597-cae1dd65e047" testName="Inicializa_Musica_Com_Album_E_Artista" computerName="LETICIA-XP" duration="00:00:00.0016619" startTime="2010-07-21T00:49:37.7780329-03:00" endTime="2010-07-21T00:49:37.8781769-03:00" testType="13cdc9d9-ddb5-4fa4-a97d-d965ccfc6d4b" outcome="Passed" testListId="8c84fa94-04c1-424b-9868-57a2d4851a1d" relativeResultsDirectory="74124058-404e-45c9-9b49-db0f45a713b3">
    </UnitTestResult>
  </Results>
</TestRun>