<?xml version="1.0" encoding="UTF-8"?>
<TestRun id="caa92091-3db0-475d-a3fb-29c5f6281b7c" name="Administrador@LETICIA-XP 2010-08-17 17:35:55" runUser="LETICIA-XP\Administrador" xmlns="http://microsoft.com/schemas/VisualStudio/TeamTest/2010">
  <TestSettings name="Local" id="a8b89724-51de-4715-ad33-a32984976e61">
    <Description>These are default test settings for a local test run.</Description>
    <Deployment enabled="false" runDeploymentRoot="Administrador_LETICIA-XP 2010-08-17 17_35_55">
      <DeploymentItem filename="C:\Projetos\projeto-estudo\Business\bin\Debug\Business.dll" />
      <DeploymentItem filename="C:\Projetos\moq\NET40\Moq.dll" />
      <DeploymentItem filename="C:\Projetos\projeto-estudo\DAL\bin\Debug\DAL.dll" />
      <DeploymentItem filename="C:\Projetos\projeto-estudo\Models\bin\Debug\Models.dll" />
    </Deployment>
    <Execution>
      <TestTypeSpecific />
      <AgentRule name="Execution Agents">
      </AgentRule>
    </Execution>
  </TestSettings>
  <Times creation="2010-08-17T17:35:55.0542311-03:00" queuing="2010-08-17T17:35:58.7295159-03:00" start="2010-08-17T17:35:59.4305239-03:00" finish="2010-08-17T17:36:53.7686583-03:00" />
  <ResultSummary outcome="Failed">
    <Counters total="1" executed="1" error="0" failed="1" timeout="0" aborted="0" inconclusive="0" passedButRunAborted="0" notRunnable="0" notExecuted="0" disconnected="0" warning="0" passed="0" completed="0" inProgress="0" pending="0" />
  </ResultSummary>
  <TestDefinitions>
    <UnitTest name="Verificar_Atualizacao" storage="c:\projetos\projeto-estudo\tests\bin\debug\tests.dll" id="5a9e0769-3ab7-7cd3-26ed-9fea9889583c">
      <Execution id="46c97a44-6c94-4a65-a8c5-bd46c80b9c53" />
      <TestMethod codeBase="C:/Projetos/projeto-estudo/Tests/bin/Debug/Tests.DLL" adapterTypeName="Microsoft.VisualStudio.TestTools.TestTypes.Unit.UnitTestAdapter, Microsoft.VisualStudio.QualityTools.Tips.UnitTest.Adapter, Version=10.0.0.0, Culture=neutral, PublicKeyToken=b03f5f7f11d50a3a" className="Tests.Artista, Tests, Version=1.0.0.0, Culture=neutral, PublicKeyToken=null" name="Verificar_Atualizacao" />
    </UnitTest>
  </TestDefinitions>
  <TestLists>
    <TestList name="Results Not in a List" id="8c84fa94-04c1-424b-9868-57a2d4851a1d" />
    <TestList name="All Loaded Results" id="19431567-8539-422a-85d7-44ee4e166bda" />
  </TestLists>
  <TestEntries>
    <TestEntry testId="5a9e0769-3ab7-7cd3-26ed-9fea9889583c" executionId="46c97a44-6c94-4a65-a8c5-bd46c80b9c53" testListId="8c84fa94-04c1-424b-9868-57a2d4851a1d" />
  </TestEntries>
  <Results>
    <UnitTestResult executionId="46c97a44-6c94-4a65-a8c5-bd46c80b9c53" testId="5a9e0769-3ab7-7cd3-26ed-9fea9889583c" testName="Verificar_Atualizacao" computerName="LETICIA-XP" duration="00:00:50.3082908" startTime="2010-08-17T17:35:59.9212295-03:00" endTime="2010-08-17T17:36:52.5268727-03:00" testType="13cdc9d9-ddb5-4fa4-a97d-d965ccfc6d4b" outcome="Failed" testListId="8c84fa94-04c1-424b-9868-57a2d4851a1d" relativeResultsDirectory="46c97a44-6c94-4a65-a8c5-bd46c80b9c53">
      <Output>
        <ErrorInfo>
          <Message>Test method Tests.Artista.Verificar_Atualizacao threw exception: 
System.NullReferenceException: Object reference not set to an instance of an object.</Message>
          <StackTrace>    at DAL.IDAL`1.criarParametrosPorObjeto(T item, String comando) in C:\Projetos\projeto-estudo\DAL\Base\IDAL.cs:line 114
   at DAL.IDAL`1.atualizar(T item) in C:\Projetos\projeto-estudo\DAL\Base\IDAL.cs:line 56
   at DAL.IDAL`1.salvar(T item) in C:\Projetos\projeto-estudo\DAL\Base\IDAL.cs:line 31
   at Tests.Artista.Verificar_Atualizacao() in C:\Projetos\projeto-estudo\Tests\Artista.cs:line 45
</StackTrace>
        </ErrorInfo>
      </Output>
    </UnitTestResult>
  </Results>
</TestRun>