<?xml version="1.0" encoding="UTF-8"?>
<TestRun id="f3bb7942-2c34-4d3b-a907-db017b2e63c0" name="Administrador@LETICIA-XP 2010-07-21 00:25:26" runUser="LETICIA-XP\Administrador" xmlns="http://microsoft.com/schemas/VisualStudio/TeamTest/2010">
  <TestSettings name="Local" id="a8b89724-51de-4715-ad33-a32984976e61">
    <Description>These are default test settings for a local test run.</Description>
    <Deployment enabled="false" runDeploymentRoot="Administrador_LETICIA-XP 2010-07-21 00_25_26">
      <DeploymentItem filename="C:\Projetos\projeto-estudo\Models\bin\Debug\Models.dll" />
      <DeploymentItem filename="C:\Projetos\moq\NET40\Moq.dll" />
    </Deployment>
    <Execution>
      <TestTypeSpecific />
      <AgentRule name="Execution Agents">
      </AgentRule>
    </Execution>
  </TestSettings>
  <Times creation="2010-07-21T00:25:26.8418380-03:00" queuing="2010-07-21T00:25:31.2782172-03:00" start="2010-07-21T00:25:31.4985340-03:00" finish="2010-07-21T00:25:36.1952876-03:00" />
  <ResultSummary outcome="Completed">
    <Counters total="1" executed="1" passed="1" error="0" failed="0" timeout="0" aborted="0" inconclusive="0" passedButRunAborted="0" notRunnable="0" notExecuted="0" disconnected="0" warning="0" completed="0" inProgress="0" pending="0" />
  </ResultSummary>
  <TestDefinitions>
    <UnitTest name="Inicializa_Musica_Com_Album_E_Artista" storage="c:\projetos\projeto-estudo\tests\bin\debug\tests.dll" id="4f36fa0e-5a1b-6a96-d597-cae1dd65e047">
      <Execution id="c45e8898-b2c9-4df8-b2c7-e66065a03f6c" />
      <TestMethod codeBase="C:/Projetos/projeto-estudo/Tests/bin/Debug/Tests.DLL" adapterTypeName="Microsoft.VisualStudio.TestTools.TestTypes.Unit.UnitTestAdapter, Microsoft.VisualStudio.QualityTools.Tips.UnitTest.Adapter, Version=10.0.0.0, Culture=neutral, PublicKeyToken=b03f5f7f11d50a3a" className="Tests.Inicializacoes, Tests, Version=1.0.0.0, Culture=neutral, PublicKeyToken=null" name="Inicializa_Musica_Com_Album_E_Artista" />
    </UnitTest>
  </TestDefinitions>
  <TestLists>
    <TestList name="Results Not in a List" id="8c84fa94-04c1-424b-9868-57a2d4851a1d" />
    <TestList name="All Loaded Results" id="19431567-8539-422a-85d7-44ee4e166bda" />
  </TestLists>
  <TestEntries>
    <TestEntry testId="4f36fa0e-5a1b-6a96-d597-cae1dd65e047" executionId="c45e8898-b2c9-4df8-b2c7-e66065a03f6c" testListId="8c84fa94-04c1-424b-9868-57a2d4851a1d" />
  </TestEntries>
  <Results>
    <UnitTestResult executionId="c45e8898-b2c9-4df8-b2c7-e66065a03f6c" testId="4f36fa0e-5a1b-6a96-d597-cae1dd65e047" testName="Inicializa_Musica_Com_Album_E_Artista" computerName="LETICIA-XP" duration="00:00:00.0640355" startTime="2010-07-21T00:25:31.6888076-03:00" endTime="2010-07-21T00:25:34.8533580-03:00" testType="13cdc9d9-ddb5-4fa4-a97d-d965ccfc6d4b" outcome="Passed" testListId="8c84fa94-04c1-424b-9868-57a2d4851a1d" relativeResultsDirectory="c45e8898-b2c9-4df8-b2c7-e66065a03f6c">
    </UnitTestResult>
  </Results>
</TestRun>