<?xml version="1.0" encoding="UTF-8"?>
<TestRun id="8e42900d-618f-4df4-9dc1-635c5b804a61" name="Administrador@LETICIA-XP 2010-08-17 16:38:52" runUser="LETICIA-XP\Administrador" xmlns="http://microsoft.com/schemas/VisualStudio/TeamTest/2010">
  <TestSettings name="Local" id="a8b89724-51de-4715-ad33-a32984976e61">
    <Description>These are default test settings for a local test run.</Description>
    <Deployment enabled="false" runDeploymentRoot="Administrador_LETICIA-XP 2010-08-17 16_38_52">
      <DeploymentItem filename="C:\Projetos\projeto-estudo\Business\bin\Debug\Business.dll" />
      <DeploymentItem filename="C:\Projetos\moq\NET40\Moq.dll" />
      <DeploymentItem filename="C:\Projetos\projeto-estudo\DAL\bin\Debug\DAL.dll" />
      <DeploymentItem filename="C:\Projetos\projeto-estudo\Models\bin\Debug\Models.dll" />
    </Deployment>
    <Execution>
      <TestTypeSpecific />
      <AgentRule name="Execution Agents">
      </AgentRule>
    </Execution>
  </TestSettings>
  <Times creation="2010-08-17T16:38:52.5833041-03:00" queuing="2010-08-17T16:38:57.0336873-03:00" start="2010-08-17T16:38:57.5514299-03:00" finish="2010-08-17T16:40:14.6272402-03:00" />
  <ResultSummary outcome="Failed">
    <Counters total="1" executed="1" error="0" failed="1" timeout="0" aborted="0" inconclusive="0" passedButRunAborted="0" notRunnable="0" notExecuted="0" disconnected="0" warning="0" passed="0" completed="0" inProgress="0" pending="0" />
  </ResultSummary>
  <TestDefinitions>
    <UnitTest name="Verificar_Processo_De_Insercao" storage="c:\projetos\projeto-estudo\tests\bin\debug\tests.dll" id="de319a63-3756-16ad-bf58-19588c8f0269">
      <Execution id="97d03ee2-a2a4-4d48-84fb-78a1ed9c61a7" />
      <TestMethod codeBase="C:/Projetos/projeto-estudo/Tests/bin/Debug/Tests.DLL" adapterTypeName="Microsoft.VisualStudio.TestTools.TestTypes.Unit.UnitTestAdapter, Microsoft.VisualStudio.QualityTools.Tips.UnitTest.Adapter, Version=10.0.0.0, Culture=neutral, PublicKeyToken=b03f5f7f11d50a3a" className="Tests.Artista, Tests, Version=1.0.0.0, Culture=neutral, PublicKeyToken=null" name="Verificar_Processo_De_Insercao" />
    </UnitTest>
  </TestDefinitions>
  <TestLists>
    <TestList name="Results Not in a List" id="8c84fa94-04c1-424b-9868-57a2d4851a1d" />
    <TestList name="All Loaded Results" id="19431567-8539-422a-85d7-44ee4e166bda" />
  </TestLists>
  <TestEntries>
    <TestEntry testId="de319a63-3756-16ad-bf58-19588c8f0269" executionId="97d03ee2-a2a4-4d48-84fb-78a1ed9c61a7" testListId="8c84fa94-04c1-424b-9868-57a2d4851a1d" />
  </TestEntries>
  <Results>
    <UnitTestResult executionId="97d03ee2-a2a4-4d48-84fb-78a1ed9c61a7" testId="de319a63-3756-16ad-bf58-19588c8f0269" testName="Verificar_Processo_De_Insercao" computerName="LETICIA-XP" duration="00:01:12.5532359" startTime="2010-08-17T16:38:57.9149513-03:00" endTime="2010-08-17T16:40:13.9462610-03:00" testType="13cdc9d9-ddb5-4fa4-a97d-d965ccfc6d4b" outcome="Failed" testListId="8c84fa94-04c1-424b-9868-57a2d4851a1d" relativeResultsDirectory="97d03ee2-a2a4-4d48-84fb-78a1ed9c61a7">
      <Output>
        <ErrorInfo>
          <Message>Test method Tests.Artista.Verificar_Processo_De_Insercao threw exception: 
System.NullReferenceException: Object reference not set to an instance of an object.</Message>
          <StackTrace>    at DAL.DAL..ctor() in C:\Projetos\projeto-estudo\DAL\Base\DAL.cs:line 18
   at DAL.IDAL`1..ctor() in C:\Projetos\projeto-estudo\DAL\Base\IDAL.cs:line 16
   at DAL.ArtistaDAL..ctor()
   at Tests.Artista.Verificar_Processo_De_Insercao() in C:\Projetos\projeto-estudo\Tests\Artista.cs:line 22
</StackTrace>
        </ErrorInfo>
      </Output>
    </UnitTestResult>
  </Results>
</TestRun>