<?xml version="1.0" encoding="UTF-8"?>
<TestRun id="c84af4aa-36b9-4a27-a0fa-a7ed472827a5" name="Administrador@LETICIA-XP 2010-07-24 02:57:42" runUser="LETICIA-XP\Administrador" xmlns="http://microsoft.com/schemas/VisualStudio/TeamTest/2010">
  <TestSettings name="Local" id="a8b89724-51de-4715-ad33-a32984976e61">
    <Description>These are default test settings for a local test run.</Description>
    <Deployment enabled="false" runDeploymentRoot="Administrador_LETICIA-XP 2010-07-24 02_57_42">
      <DeploymentItem filename="C:\Projetos\projeto-estudo\Business\bin\Debug\Business.dll" />
      <DeploymentItem filename="C:\Projetos\moq\NET40\Moq.dll" />
      <DeploymentItem filename="C:\Projetos\projeto-estudo\DAL\bin\Debug\DAL.dll" />
      <DeploymentItem filename="C:\Projetos\projeto-estudo\Models\bin\Debug\Models.dll" />
    </Deployment>
    <Execution>
      <TestTypeSpecific />
      <AgentRule name="Execution Agents">
      </AgentRule>
    </Execution>
  </TestSettings>
  <Times creation="2010-07-24T02:57:42.2940524-03:00" queuing="2010-07-24T02:57:42.2940524-03:00" start="2010-07-24T02:57:42.2940524-03:00" finish="2010-07-24T02:57:50.9865516-03:00" />
  <ResultSummary outcome="Error">
    <Counters total="2" error="0" failed="0" timeout="0" aborted="0" inconclusive="0" passedButRunAborted="0" notRunnable="0" notExecuted="2" disconnected="0" warning="0" passed="0" completed="0" inProgress="0" pending="0" />
    <RunInfos>
      <RunInfo computerName="LETICIA-XP" outcome="Error" timestamp="2010-07-24T02:57:50.9364796-03:00">
        <Text>Test host process exited unexpectedly.</Text>
      </RunInfo>
      <RunInfo computerName="LETICIA-XP" outcome="Error" timestamp="2010-07-24T02:57:50.9865516-03:00">
        <Text>Failed to queue test run 'Administrador@LETICIA-XP 2010-07-24 02:57:42': Unable to start the agent process. </Text>
        <Exception>Microsoft.VisualStudio.TestTools.Exceptions.EqtException: Unable to start the agent process. 
   at Microsoft.VisualStudio.TestTools.Agent.AgentProcessManager.HandleCannotStartAgentProcessError(Exception ex)
   at Microsoft.VisualStudio.TestTools.Agent.AgentProcessManager.HandleCannotStartAgentProcessError()
   at Microsoft.VisualStudio.TestTools.Agent.OutOfProcessStrategy.StartAgentProcess(AgentProcessStartupInfo agentProcessStartupInfo, Boolean restarting)
   at Microsoft.VisualStudio.TestTools.Agent.OutOfProcessStrategy.StartAgentProcess(AgentProcessStartupInfo agentProcessStartupInfo)
   at Microsoft.VisualStudio.TestTools.Agent.AgentProxy.StartAgentProcess(AgentProcessStartupInfo agentProcessStartupInfo)
   at Microsoft.VisualStudio.TestTools.Agent.AgentProcessProxyManager.StartTestAgentProcesses(AgentProcessStartupInfo agentProcessStartupInfo)
   at Microsoft.VisualStudio.TestTools.Agent.AgentProcessManager.StartAgentProcess(AgentProcessStartupInfo agentProcessStartupInfo, Boolean startDataCollectionAgent)
   at Microsoft.VisualStudio.TestTools.Agent.AgentProcessManager.StartAgentProcess(AgentProcessStartupInfo agentProcessStartupInfo, TestRunConfiguration testRunConfiguration)
   at Microsoft.VisualStudio.TestTools.TestManagement.LocalControllerProxy.StartProcess(TestRun run)
   at Microsoft.VisualStudio.TestTools.TestManagement.LocalControllerProxy.PrepareProcess(TestRun run)
   at Microsoft.VisualStudio.TestTools.TestManagement.LocalControllerProxy.InitializeController(TestRun run)
   at Microsoft.VisualStudio.TestTools.TestManagement.ControllerProxy.QueueTestRunWorker(Object state)</Exception>
      </RunInfo>
    </RunInfos>
  </ResultSummary>
  <TestDefinitions>
    <UnitTest name="Inicializa_Album_Com_Artista" storage="c:\projetos\projeto-estudo\tests\bin\debug\tests.dll" id="21aa45b1-1c39-6680-d0d3-b2a9bdf7c476">
      <TestMethod codeBase="C:/Projetos/projeto-estudo/Tests/bin/Debug/Tests.DLL" adapterTypeName="Microsoft.VisualStudio.TestTools.TestTypes.Unit.UnitTestAdapter, Microsoft.VisualStudio.QualityTools.Tips.UnitTest.Adapter, Version=10.0.0.0, Culture=neutral, PublicKeyToken=b03f5f7f11d50a3a" className="Tests.Inicializacoes, Tests, Version=1.0.0.0, Culture=neutral, PublicKeyToken=null" name="Inicializa_Album_Com_Artista" />
    </UnitTest>
    <UnitTest name="Inicializa_Musica_Com_Album_E_Artista" storage="c:\projetos\projeto-estudo\tests\bin\debug\tests.dll" id="4f36fa0e-5a1b-6a96-d597-cae1dd65e047">
      <TestMethod codeBase="C:/Projetos/projeto-estudo/Tests/bin/Debug/Tests.DLL" adapterTypeName="Microsoft.VisualStudio.TestTools.TestTypes.Unit.UnitTestAdapter, Microsoft.VisualStudio.QualityTools.Tips.UnitTest.Adapter, Version=10.0.0.0, Culture=neutral, PublicKeyToken=b03f5f7f11d50a3a" className="Tests.Inicializacoes, Tests, Version=1.0.0.0, Culture=neutral, PublicKeyToken=null" name="Inicializa_Musica_Com_Album_E_Artista" />
    </UnitTest>
  </TestDefinitions>
  <TestLists>
    <TestList name="Results Not in a List" id="8c84fa94-04c1-424b-9868-57a2d4851a1d" />
    <TestList name="All Loaded Results" id="19431567-8539-422a-85d7-44ee4e166bda" />
  </TestLists>
  <TestEntries>
    <TestEntry testId="21aa45b1-1c39-6680-d0d3-b2a9bdf7c476" executionId="e3ff16f4-8f8f-4cba-bd0c-800ad8649bc6" testListId="8c84fa94-04c1-424b-9868-57a2d4851a1d" />
    <TestEntry testId="4f36fa0e-5a1b-6a96-d597-cae1dd65e047" executionId="bbf23155-1036-44be-9197-b9f943d3c7a8" testListId="8c84fa94-04c1-424b-9868-57a2d4851a1d" />
  </TestEntries>
  <Results>
    <UnitTestResult executionId="e3ff16f4-8f8f-4cba-bd0c-800ad8649bc6" testId="21aa45b1-1c39-6680-d0d3-b2a9bdf7c476" testName="Inicializa_Album_Com_Artista" computerName="LETICIA-XP" testType="13cdc9d9-ddb5-4fa4-a97d-d965ccfc6d4b" outcome="NotExecuted" testListId="8c84fa94-04c1-424b-9868-57a2d4851a1d" relativeResultsDirectory="e3ff16f4-8f8f-4cba-bd0c-800ad8649bc6">
    </UnitTestResult>
    <UnitTestResult executionId="bbf23155-1036-44be-9197-b9f943d3c7a8" testId="4f36fa0e-5a1b-6a96-d597-cae1dd65e047" testName="Inicializa_Musica_Com_Album_E_Artista" computerName="LETICIA-XP" testType="13cdc9d9-ddb5-4fa4-a97d-d965ccfc6d4b" outcome="NotExecuted" testListId="8c84fa94-04c1-424b-9868-57a2d4851a1d" relativeResultsDirectory="bbf23155-1036-44be-9197-b9f943d3c7a8">
    </UnitTestResult>
  </Results>
</TestRun>